<?xml version="1.0" encoding="UTF-8"?>
<testng-results ignored="0" total="2" passed="2" failed="0" skipped="0">
  <reporter-output>
  </reporter-output>
  <suite started-at="2026-05-23T13:12:54 IST" name="CrossBrowserSuite" finished-at="2026-05-23T13:13:05 IST" duration-ms="11360">
    <groups>
    </groups>
    <test started-at="2026-05-23T13:12:54 IST" name="ChromeTest" finished-at="2026-05-23T13:13:00 IST" duration-ms="6016">
      <class name="CrossBrowserTest.BrowserTest">
        <test-method is-config="true" signature="setup(java.lang.String)[pri:0, instance:CrossBrowserTest.BrowserTest@6b2ea799]" started-at="2026-05-23T13:12:54 IST" name="setup" finished-at="2026-05-23T13:12:56 IST" duration-ms="2181" status="PASS">
          <params>
            <param index="0">
              <value>
                <![CDATA[Chrome]]>
              </value>
            </param>
          </params>
          <reporter-output>
          </reporter-output>
        </test-method> <!-- setup -->
        <test-method signature="loginTest()[pri:0, instance:CrossBrowserTest.BrowserTest@6b2ea799]" started-at="2026-05-23T13:12:56 IST" name="loginTest" finished-at="2026-05-23T13:13:00 IST" duration-ms="3344" status="PASS">
          <reporter-output>
          </reporter-output>
        </test-method> <!-- loginTest -->
        <test-method is-config="true" signature="closeBrowser()[pri:0, instance:CrossBrowserTest.BrowserTest@6b2ea799]" started-at="2026-05-23T13:13:00 IST" name="closeBrowser" finished-at="2026-05-23T13:13:00 IST" duration-ms="450" status="PASS">
          <reporter-output>
          </reporter-output>
        </test-method> <!-- closeBrowser -->
      </class> <!-- CrossBrowserTest.BrowserTest -->
    </test> <!-- ChromeTest -->
    <test started-at="2026-05-23T13:13:00 IST" name="EdgeTest" finished-at="2026-05-23T13:13:05 IST" duration-ms="5280">
      <class name="CrossBrowserTest.BrowserTest">
        <test-method is-config="true" signature="setup(java.lang.String)[pri:0, instance:CrossBrowserTest.BrowserTest@1fa121e2]" started-at="2026-05-23T13:13:00 IST" name="setup" finished-at="2026-05-23T13:13:02 IST" duration-ms="1631" status="PASS">
          <params>
            <param index="0">
              <value>
                <![CDATA[Edge]]>
              </value>
            </param>
          </params>
          <reporter-output>
          </reporter-output>
        </test-method> <!-- setup -->
        <test-method signature="loginTest()[pri:0, instance:CrossBrowserTest.BrowserTest@1fa121e2]" started-at="2026-05-23T13:13:02 IST" name="loginTest" finished-at="2026-05-23T13:13:05 IST" duration-ms="3380" status="PASS">
          <reporter-output>
          </reporter-output>
        </test-method> <!-- loginTest -->
        <test-method is-config="true" signature="closeBrowser()[pri:0, instance:CrossBrowserTest.BrowserTest@1fa121e2]" started-at="2026-05-23T13:13:05 IST" name="closeBrowser" finished-at="2026-05-23T13:13:05 IST" duration-ms="264" status="PASS">
          <reporter-output>
          </reporter-output>
        </test-method> <!-- closeBrowser -->
      </class> <!-- CrossBrowserTest.BrowserTest -->
    </test> <!-- EdgeTest -->
  </suite> <!-- CrossBrowserSuite -->
</testng-results>
