<?xml version="1.0" encoding="UTF-8"?>
<!-- Generated by org.testng.reporters.JUnitReportReporter -->
<testsuite hostname="Shaurya" failures="0" tests="2" name="SeleniumMavenSeleniumGridDay27.BrowserTest" time="1.665" errors="0" timestamp="2026-05-23T18:18:28 IST" skipped="0">
  <testcase classname="SeleniumMavenSeleniumGridDay27.BrowserTest" name="loginTest" time="0.861"/>
  <testcase classname="SeleniumMavenSeleniumGridDay27.BrowserTest" name="loginTest" time="0.804"/>
</testsuite> <!-- SeleniumMavenSeleniumGridDay27.BrowserTest -->
