<?xml version="1.0" encoding="UTF-8"?>
<!-- Generated by org.testng.reporters.JUnitReportReporter -->
<testsuite hostname="Shaurya" failures="0" tests="3" name="tests.SauceDemoLoginTestCSV" time="13.053" errors="0" timestamp="2026-06-05T14:58:32 IST" skipped="0">
  <testcase classname="tests.SauceDemoLoginTestCSV" name="loginTest" time="3.745"/>
  <testcase classname="tests.SauceDemoLoginTestCSV" name="loginTest" time="7.171"/>
  <testcase classname="tests.SauceDemoLoginTestCSV" name="loginTest" time="2.137"/>
</testsuite> <!-- tests.SauceDemoLoginTestCSV -->
