<?xml version="1.0" encoding="UTF-8"?>
<!-- Generated by org.testng.reporters.JUnitReportReporter -->
<testsuite hostname="Shaurya" failures="0" tests="3" name="tests.SauceDemoLoginTest" time="14.436" errors="0" timestamp="2026-06-05T14:45:56 IST" skipped="0">
  <testcase classname="tests.SauceDemoLoginTest" name="loginTest" time="10.737"/>
  <testcase classname="tests.SauceDemoLoginTest" name="loginTest" time="1.571"/>
  <testcase classname="tests.SauceDemoLoginTest" name="loginTest" time="2.128"/>
</testsuite> <!-- tests.SauceDemoLoginTest -->
