<?xml version="1.0" encoding="UTF-8"?>
<testng-results ignored="0" total="4" passed="4" failed="0" skipped="0">
  <reporter-output>
  </reporter-output>
  <suite started-at="2026-05-19T18:03:40 IST" name="Default suite" finished-at="2026-05-19T18:05:04 IST" duration-ms="83867">
    <groups>
    </groups>
    <test started-at="2026-05-19T18:03:40 IST" name="Default test" finished-at="2026-05-19T18:05:04 IST" duration-ms="83867">
      <class name="SeleniumMavenTestNgDay23.ParaBankMavenTestNG">
        <test-method is-config="true" signature="setup()[pri:0, instance:SeleniumMavenTestNgDay23.ParaBankMavenTestNG@6302bbb1]" started-at="2026-05-19T18:03:40 IST" name="setup" finished-at="2026-05-19T18:03:46 IST" duration-ms="6298" status="PASS">
          <reporter-output>
          </reporter-output>
        </test-method> <!-- setup -->
        <test-method signature="openRegisterPage()[pri:1, instance:SeleniumMavenTestNgDay23.ParaBankMavenTestNG@6302bbb1]" started-at="2026-05-19T18:03:46 IST" name="openRegisterPage" finished-at="2026-05-19T18:03:50 IST" duration-ms="3533" status="PASS">
          <reporter-output>
          </reporter-output>
        </test-method> <!-- openRegisterPage -->
        <test-method is-config="true" signature="teardown()[pri:0, instance:SeleniumMavenTestNgDay23.ParaBankMavenTestNG@6302bbb1]" started-at="2026-05-19T18:03:50 IST" name="teardown" finished-at="2026-05-19T18:03:53 IST" duration-ms="3178" status="PASS">
          <reporter-output>
          </reporter-output>
        </test-method> <!-- teardown -->
        <test-method is-config="true" signature="setup()[pri:0, instance:SeleniumMavenTestNgDay23.ParaBankMavenTestNG@6302bbb1]" started-at="2026-05-19T18:03:53 IST" name="setup" finished-at="2026-05-19T18:03:59 IST" duration-ms="5940" status="PASS">
          <reporter-output>
          </reporter-output>
        </test-method> <!-- setup -->
        <test-method signature="registerUser()[pri:2, instance:SeleniumMavenTestNgDay23.ParaBankMavenTestNG@6302bbb1]" started-at="2026-05-19T18:03:59 IST" name="registerUser" finished-at="2026-05-19T18:04:09 IST" duration-ms="9580" status="PASS">
          <reporter-output>
          </reporter-output>
        </test-method> <!-- registerUser -->
        <test-method is-config="true" signature="teardown()[pri:0, instance:SeleniumMavenTestNgDay23.ParaBankMavenTestNG@6302bbb1]" started-at="2026-05-19T18:04:09 IST" name="teardown" finished-at="2026-05-19T18:04:12 IST" duration-ms="3206" status="PASS">
          <reporter-output>
          </reporter-output>
        </test-method> <!-- teardown -->
        <test-method is-config="true" signature="setup()[pri:0, instance:SeleniumMavenTestNgDay23.ParaBankMavenTestNG@6302bbb1]" started-at="2026-05-19T18:04:12 IST" name="setup" finished-at="2026-05-19T18:04:18 IST" duration-ms="6023" status="PASS">
          <reporter-output>
          </reporter-output>
        </test-method> <!-- setup -->
        <test-method signature="loginUser()[pri:3, instance:SeleniumMavenTestNgDay23.ParaBankMavenTestNG@6302bbb1]" started-at="2026-05-19T18:04:18 IST" name="loginUser" finished-at="2026-05-19T18:04:29 IST" duration-ms="10669" status="PASS">
          <reporter-output>
          </reporter-output>
        </test-method> <!-- loginUser -->
        <test-method is-config="true" signature="teardown()[pri:0, instance:SeleniumMavenTestNgDay23.ParaBankMavenTestNG@6302bbb1]" started-at="2026-05-19T18:04:29 IST" name="teardown" finished-at="2026-05-19T18:04:32 IST" duration-ms="3206" status="PASS">
          <reporter-output>
          </reporter-output>
        </test-method> <!-- teardown -->
        <test-method is-config="true" signature="setup()[pri:0, instance:SeleniumMavenTestNgDay23.ParaBankMavenTestNG@6302bbb1]" started-at="2026-05-19T18:04:32 IST" name="setup" finished-at="2026-05-19T18:04:37 IST" duration-ms="5479" status="PASS">
          <reporter-output>
          </reporter-output>
        </test-method> <!-- setup -->
        <test-method signature="transferFunds()[pri:4, instance:SeleniumMavenTestNgDay23.ParaBankMavenTestNG@6302bbb1]" started-at="2026-05-19T18:04:37 IST" name="transferFunds" finished-at="2026-05-19T18:05:01 IST" duration-ms="23404" status="PASS">
          <reporter-output>
          </reporter-output>
        </test-method> <!-- transferFunds -->
        <test-method is-config="true" signature="teardown()[pri:0, instance:SeleniumMavenTestNgDay23.ParaBankMavenTestNG@6302bbb1]" started-at="2026-05-19T18:05:01 IST" name="teardown" finished-at="2026-05-19T18:05:04 IST" duration-ms="3292" status="PASS">
          <reporter-output>
          </reporter-output>
        </test-method> <!-- teardown -->
      </class> <!-- SeleniumMavenTestNgDay23.ParaBankMavenTestNG -->
    </test> <!-- Default test -->
  </suite> <!-- Default suite -->
</testng-results>
