<?xml version="1.0" encoding="UTF-8"?>
<testng-results ignored="0" total="1" passed="1" failed="0" skipped="0">
  <reporter-output>
  </reporter-output>
  <suite started-at="2026-05-22T21:50:23 IST" name="Default suite" finished-at="2026-05-22T21:50:33 IST" duration-ms="9842">
    <groups>
    </groups>
    <test started-at="2026-05-22T21:50:23 IST" name="Default test" finished-at="2026-05-22T21:50:33 IST" duration-ms="9842">
      <class name="com.sdet.TC_Login">
        <test-method signature="login_Test()[pri:0, instance:com.sdet.TC_Login@73a1e9a9]" started-at="2026-05-22T21:50:23 IST" name="login_Test" finished-at="2026-05-22T21:50:33 IST" duration-ms="9802" status="PASS">
          <reporter-output>
          </reporter-output>
        </test-method> <!-- login_Test -->
      </class> <!-- com.sdet.TC_Login -->
    </test> <!-- Default test -->
  </suite> <!-- Default suite -->
</testng-results>
