<?xml version="1.0" encoding="UTF-8"?>
<!-- Generated by org.testng.reporters.JUnitXMLReporter -->
<testsuite ignored="0" hostname="WPRJAVANG" failures="0" tests="1" name="OrangeHRM Login Test" time="1.169" errors="0" timestamp="2026-06-02T12:42:53 IST">
  <testcase classname="base.BaseTest" name="@BeforeMethod setup" time="1.01">
    <failure type="org.openqa.selenium.SessionNotCreatedException" message="Could not start a new session. Possible causes are invalid address of the remote server or browser start-up failure. 
Host info: host: &amp;apos;WPRJAVANG&amp;apos;, ip: &amp;apos;172.39.1.185&amp;apos;
Build info: version: &amp;apos;4.21.0&amp;apos;, revision: &amp;apos;79ed462ef4&amp;apos;
System info: os.name: &amp;apos;Windows 11&amp;apos;, os.arch: &amp;apos;amd64&amp;apos;, os.version: &amp;apos;10.0&amp;apos;, java.version: &amp;apos;17.0.12&amp;apos;
Driver info: org.openqa.selenium.remote.RemoteWebDriver
Command: [null, newSession {capabilities=[Capabilities {browserName: chrome, goog:chromeOptions: {args: [], extensions: []}}]}]
Capabilities {browserName: chrome, goog:chromeOptions: {args: [], extensions: []}}">
      <![CDATA[org.openqa.selenium.SessionNotCreatedException: Could not start a new session. Possible causes are invalid address of the remote server or browser start-up failure. 
Host info: host: 'WPRJAVANG', ip: '172.39.1.185'
Build info: version: '4.21.0', revision: '79ed462ef4'
System info: os.name: 'Windows 11', os.arch: 'amd64', os.version: '10.0', java.version: '17.0.12'
Driver info: org.openqa.selenium.remote.RemoteWebDriver
Command: [null, newSession {capabilities=[Capabilities {browserName: chrome, goog:chromeOptions: {args: [], extensions: []}}]}]
Capabilities {browserName: chrome, goog:chromeOptions: {args: [], extensions: []}}
at org.openqa.selenium.remote.RemoteWebDriver.execute(RemoteWebDriver.java:536)
at org.openqa.selenium.remote.RemoteWebDriver.startSession(RemoteWebDriver.java:232)
at org.openqa.selenium.remote.RemoteWebDriver.<init>(RemoteWebDriver.java:161)
at org.openqa.selenium.remote.RemoteWebDriver.<init>(RemoteWebDriver.java:141)
at base.BaseTest.setup(BaseTest.java:22)
at java.base/java.util.ArrayList.forEach(ArrayList.java:1511)
Caused by: java.io.UncheckedIOException: java.net.ConnectException
at org.openqa.selenium.remote.http.jdk.JdkHttpClient.execute0(JdkHttpClient.java:439)
at org.openqa.selenium.remote.http.AddSeleniumUserAgent.lambda$apply$0(AddSeleniumUserAgent.java:42)
at org.openqa.selenium.remote.http.Filter.lambda$andFinally$1(Filter.java:55)
at org.openqa.selenium.remote.http.jdk.JdkHttpClient.execute(JdkHttpClient.java:355)
at org.openqa.selenium.remote.tracing.TracedHttpClient.execute(TracedHttpClient.java:54)
at org.openqa.selenium.remote.ProtocolHandshake.createSession(ProtocolHandshake.java:89)
at org.openqa.selenium.remote.ProtocolHandshake.createSession(ProtocolHandshake.java:75)
at org.openqa.selenium.remote.ProtocolHandshake.createSession(ProtocolHandshake.java:61)
at org.openqa.selenium.remote.HttpCommandExecutor.execute(HttpCommandExecutor.java:162)
at org.openqa.selenium.remote.TracedCommandExecutor.execute(TracedCommandExecutor.java:51)
at org.openqa.selenium.remote.RemoteWebDriver.execute(RemoteWebDriver.java:518)
... 36 more
Caused by: java.net.ConnectException
at java.net.http/jdk.internal.net.http.common.Utils.toConnectException(Utils.java:1055)
at java.net.http/jdk.internal.net.http.PlainHttpConnection.connectAsync(PlainHttpConnection.java:198)
at java.net.http/jdk.internal.net.http.PlainHttpConnection.checkRetryConnect(PlainHttpConnection.java:230)
at java.net.http/jdk.internal.net.http.PlainHttpConnection.lambda$connectAsync$1(PlainHttpConnection.java:206)
at java.base/java.util.concurrent.CompletableFuture.uniHandle(CompletableFuture.java:934)
at java.base/java.util.concurrent.CompletableFuture.uniHandleStage(CompletableFuture.java:950)
at java.base/java.util.concurrent.CompletableFuture.handle(CompletableFuture.java:2340)
at java.net.http/jdk.internal.net.http.PlainHttpConnection.connectAsync(PlainHttpConnection.java:206)
at java.net.http/jdk.internal.net.http.Http1Exchange.sendHeadersAsync(Http1Exchange.java:239)
at java.net.http/jdk.internal.net.http.Exchange.lambda$responseAsyncImpl0$9(Exchange.java:525)
at java.net.http/jdk.internal.net.http.Exchange.checkFor407(Exchange.java:405)
at java.net.http/jdk.internal.net.http.Exchange.lambda$responseAsyncImpl0$10(Exchange.java:529)
at java.base/java.util.concurrent.CompletableFuture.uniHandle(CompletableFuture.java:934)
at java.base/java.util.concurrent.CompletableFuture.uniHandleStage(CompletableFuture.java:950)
at java.base/java.util.concurrent.CompletableFuture.handle(CompletableFuture.java:2340)
at java.net.http/jdk.internal.net.http.Exchange.responseAsyncImpl0(Exchange.java:529)
at java.net.http/jdk.internal.net.http.Exchange.responseAsyncImpl(Exchange.java:381)
at java.net.http/jdk.internal.net.http.Exchange.responseAsync(Exchange.java:373)
at java.net.http/jdk.internal.net.http.MultiExchange.responseAsyncImpl(MultiExchange.java:408)
at java.net.http/jdk.internal.net.http.MultiExchange.lambda$responseAsyncImpl$7(MultiExchange.java:449)
at java.base/java.util.concurrent.CompletableFuture.uniHandle(CompletableFuture.java:934)
at java.base/java.util.concurrent.CompletableFuture.uniHandleStage(CompletableFuture.java:950)
at java.base/java.util.concurrent.CompletableFuture.handle(CompletableFuture.java:2340)
at java.net.http/jdk.internal.net.http.MultiExchange.responseAsyncImpl(MultiExchange.java:439)
at java.net.http/jdk.internal.net.http.MultiExchange.lambda$responseAsync0$2(MultiExchange.java:341)
at java.base/java.util.concurrent.CompletableFuture$UniCompose.tryFire(CompletableFuture.java:1150)
at java.base/java.util.concurrent.CompletableFuture.postComplete(CompletableFuture.java:510)
at java.base/java.util.concurrent.CompletableFuture$AsyncSupply.run(CompletableFuture.java:1773)
at java.base/java.util.concurrent.ThreadPoolExecutor.runWorker(ThreadPoolExecutor.java:1136)
at java.base/java.util.concurrent.ThreadPoolExecutor$Worker.run(ThreadPoolExecutor.java:635)
at java.base/java.lang.Thread.run(Thread.java:842)
Caused by: java.nio.channels.ClosedChannelException
at java.base/sun.nio.ch.SocketChannelImpl.ensureOpen(SocketChannelImpl.java:195)
at java.base/sun.nio.ch.SocketChannelImpl.beginConnect(SocketChannelImpl.java:760)
at java.base/sun.nio.ch.SocketChannelImpl.connect(SocketChannelImpl.java:848)
at java.net.http/jdk.internal.net.http.PlainHttpConnection.lambda$connectAsync$0(PlainHttpConnection.java:183)
at java.base/java.security.AccessController.doPrivileged(AccessController.java:569)
at java.net.http/jdk.internal.net.http.PlainHttpConnection.connectAsync(PlainHttpConnection.java:185)
... 29 more
... Removed 31 stack frames]]>
    </failure>
  </testcase> <!-- @BeforeMethod setup -->
  <testcase classname="base.BaseTest" name="@AfterMethod tearDown" time="0.0">
    <skipped/>
  </testcase> <!-- @AfterMethod tearDown -->
  <testcase classname="test.LoginTest" name="loginTest" time="0.001">
    <skipped/>
  </testcase> <!-- loginTest -->
</testsuite> <!-- OrangeHRM Login Test -->
