<?xml version="1.0" encoding="UTF-8"?>
<!-- Generated by org.testng.reporters.JUnitXMLReporter -->
<testsuite ignored="0" hostname="Shaurya" failures="2" tests="3" name="Test" time="9.987" errors="0" timestamp="2026-05-22T21:47:57 IST">
  <testcase classname="com.sdet.AppTest" name="testlogin1" time="0.016">
    <failure type="java.lang.AssertionError" message="expected [1] but found [0]">
      <![CDATA[java.lang.AssertionError: expected [1] but found [0]
at com.sdet.AppTest.testlogin1(AppTest.java:13)
at java.base/java.util.ArrayList.forEach(ArrayList.java:1511)
... Removed 34 stack frames]]>
    </failure>
  </testcase> <!-- testlogin1 -->
  <testcase classname="com.sdet.AppTest" name="testlogin2" time="0.002">
    <failure type="java.lang.AssertionError" message="expected [0] but found [1]">
      <![CDATA[java.lang.AssertionError: expected [0] but found [1]
at com.sdet.AppTest.testlogin2(AppTest.java:21)
at java.base/java.util.ArrayList.forEach(ArrayList.java:1511)
... Removed 34 stack frames]]>
    </failure>
  </testcase> <!-- testlogin2 -->
  <testcase classname="com.sdet.TC_Login" name="login_Test" time="9.919"/>
</testsuite> <!-- Test -->
