<?xml version="1.0" encoding="UTF-8"?>
<testng-results ignored="0" total="3" passed="3" failed="0" skipped="0">
  <reporter-output>
  </reporter-output>
  <suite started-at="2026-05-22T21:58:37 IST" name="Suite" finished-at="2026-05-22T21:58:47 IST" duration-ms="10088">
    <groups>
    </groups>
    <test started-at="2026-05-22T21:58:37 IST" name="Test" finished-at="2026-05-22T21:58:47 IST" duration-ms="10088">
      <class name="com.sdet.TC_Login">
        <test-method signature="login_Test()[pri:0, instance:com.sdet.TC_Login@1ab3a8c8]" started-at="2026-05-22T21:58:37 IST" name="login_Test" finished-at="2026-05-22T21:58:47 IST" duration-ms="10046" status="PASS">
          <reporter-output>
          </reporter-output>
        </test-method> <!-- login_Test -->
      </class> <!-- com.sdet.TC_Login -->
      <class name="com.sdet.AppTest">
        <test-method signature="testlogin1()[pri:0, instance:com.sdet.AppTest@6eda5c9]" started-at="2026-05-22T21:58:37 IST" name="testlogin1" finished-at="2026-05-22T21:58:37 IST" duration-ms="8" status="PASS">
          <reporter-output>
          </reporter-output>
        </test-method> <!-- testlogin1 -->
        <test-method signature="testlogin2()[pri:0, instance:com.sdet.AppTest@6eda5c9]" started-at="2026-05-22T21:58:37 IST" name="testlogin2" finished-at="2026-05-22T21:58:37 IST" duration-ms="0" status="PASS">
          <reporter-output>
          </reporter-output>
        </test-method> <!-- testlogin2 -->
      </class> <!-- com.sdet.AppTest -->
    </test> <!-- Test -->
  </suite> <!-- Suite -->
</testng-results>
