<?xml version="1.0" encoding="UTF-8"?>
<!-- Generated by org.testng.reporters.JUnitXMLReporter -->
<testsuite ignored="0" hostname="Shaurya" failures="0" tests="3" name="Default test" time="13.137" errors="0" timestamp="2026-06-05T14:58:32 IST">
  <testcase classname="tests.SauceDemoLoginTestCSV" name="loginTest" time="0.443"/>
  <testcase classname="tests.SauceDemoLoginTestCSV" name="loginTest" time="0.369"/>
  <testcase classname="tests.SauceDemoLoginTestCSV" name="loginTest" time="5.447"/>
</testsuite> <!-- Default test -->
