<?xml version="1.0" encoding="UTF-8"?>
<testng-results ignored="0" total="1" passed="1" failed="0" skipped="0">
  <reporter-output>
  </reporter-output>
  <suite started-at="2026-05-25T15:18:43 IST" name="Surefire suite" finished-at="2026-05-25T15:18:45 IST" duration-ms="2420">
    <groups>
    </groups>
    <test started-at="2026-05-25T15:18:43 IST" name="Surefire test" finished-at="2026-05-25T15:18:45 IST" duration-ms="2420">
      <class name="RestAPITesting.GetUsersTest">
        <test-method signature="getUsers()[pri:0, instance:RestAPITesting.GetUsersTest@290d210d]" started-at="2026-05-25T15:18:43 IST" name="getUsers" finished-at="2026-05-25T15:18:45 IST" duration-ms="2380" status="PASS">
          <reporter-output>
          </reporter-output>
        </test-method> <!-- getUsers -->
      </class> <!-- RestAPITesting.GetUsersTest -->
    </test> <!-- Surefire test -->
  </suite> <!-- Surefire suite -->
</testng-results>
