<?xml version="1.0" encoding="UTF-8"?>
<testng-results ignored="0" total="1" passed="1" failed="0" skipped="0">
  <reporter-output>
  </reporter-output>
  <suite started-at="2026-05-25T15:50:08 IST" name="Default suite" finished-at="2026-05-25T15:50:12 IST" duration-ms="3150">
    <groups>
    </groups>
    <test started-at="2026-05-25T15:50:08 IST" name="Default test" finished-at="2026-05-25T15:50:12 IST" duration-ms="3150">
      <class name="RestAPITesting.GetUsersTest">
        <test-method is-config="true" signature="setup()[pri:0, instance:RestAPITesting.GetUsersTest@47eaca72]" started-at="2026-05-25T15:50:08 IST" name="setup" finished-at="2026-05-25T15:50:09 IST" duration-ms="293" status="PASS">
          <reporter-output>
          </reporter-output>
        </test-method> <!-- setup -->
        <test-method signature="getUsers()[pri:0, instance:RestAPITesting.GetUsersTest@47eaca72]" started-at="2026-05-25T15:50:09 IST" name="getUsers" finished-at="2026-05-25T15:50:11 IST" duration-ms="2503" status="PASS">
          <reporter-output>
          </reporter-output>
        </test-method> <!-- getUsers -->
        <test-method is-config="true" signature="tearDown()[pri:0, instance:RestAPITesting.GetUsersTest@47eaca72]" started-at="2026-05-25T15:50:11 IST" name="tearDown" finished-at="2026-05-25T15:50:12 IST" duration-ms="313" status="PASS">
          <reporter-output>
          </reporter-output>
        </test-method> <!-- tearDown -->
      </class> <!-- RestAPITesting.GetUsersTest -->
    </test> <!-- Default test -->
  </suite> <!-- Default suite -->
</testng-results>
