<?xml version="1.0" encoding="UTF-8"?>
<testng-results ignored="0" total="2" passed="2" failed="0" skipped="0">
  <reporter-output>
  </reporter-output>
  <suite started-at="2026-05-23T18:18:22 IST" name="CrossBrowser Suite" finished-at="2026-05-23T18:18:28 IST" duration-ms="6015">
    <groups>
    </groups>
    <test started-at="2026-05-23T18:18:22 IST" name="Edge Test" finished-at="2026-05-23T18:18:28 IST" duration-ms="5829">
      <class name="SeleniumMavenSeleniumGridDay27.BrowserTest">
        <test-method is-config="true" signature="setup(java.lang.String)[pri:0, instance:SeleniumMavenSeleniumGridDay27.BrowserTest@3c9754d8]" started-at="2026-05-23T18:18:22 IST" name="setup" finished-at="2026-05-23T18:18:26 IST" duration-ms="4532" status="PASS">
          <params>
            <param index="0">
              <value>
                <![CDATA[Edge]]>
              </value>
            </param>
          </params>
          <reporter-output>
          </reporter-output>
        </test-method> <!-- setup -->
        <test-method signature="loginTest()[pri:0, instance:SeleniumMavenSeleniumGridDay27.BrowserTest@3c9754d8]" started-at="2026-05-23T18:18:27 IST" name="loginTest" finished-at="2026-05-23T18:18:27 IST" duration-ms="804" status="PASS">
          <reporter-output>
          </reporter-output>
        </test-method> <!-- loginTest -->
        <test-method is-config="true" signature="closeBrowser()[pri:0, instance:SeleniumMavenSeleniumGridDay27.BrowserTest@3c9754d8]" started-at="2026-05-23T18:18:27 IST" name="closeBrowser" finished-at="2026-05-23T18:18:28 IST" duration-ms="428" status="PASS">
          <reporter-output>
          </reporter-output>
        </test-method> <!-- closeBrowser -->
      </class> <!-- SeleniumMavenSeleniumGridDay27.BrowserTest -->
    </test> <!-- Edge Test -->
    <test started-at="2026-05-23T18:18:22 IST" name="Chrome Test" finished-at="2026-05-23T18:18:28 IST" duration-ms="6015">
      <class name="SeleniumMavenSeleniumGridDay27.BrowserTest">
        <test-method is-config="true" signature="setup(java.lang.String)[pri:0, instance:SeleniumMavenSeleniumGridDay27.BrowserTest@776aec5c]" started-at="2026-05-23T18:18:22 IST" name="setup" finished-at="2026-05-23T18:18:26 IST" duration-ms="4553" status="PASS">
          <params>
            <param index="0">
              <value>
                <![CDATA[Chrome]]>
              </value>
            </param>
          </params>
          <reporter-output>
          </reporter-output>
        </test-method> <!-- setup -->
        <test-method signature="loginTest()[pri:0, instance:SeleniumMavenSeleniumGridDay27.BrowserTest@776aec5c]" started-at="2026-05-23T18:18:27 IST" name="loginTest" finished-at="2026-05-23T18:18:27 IST" duration-ms="861" status="PASS">
          <reporter-output>
          </reporter-output>
        </test-method> <!-- loginTest -->
        <test-method is-config="true" signature="closeBrowser()[pri:0, instance:SeleniumMavenSeleniumGridDay27.BrowserTest@776aec5c]" started-at="2026-05-23T18:18:27 IST" name="closeBrowser" finished-at="2026-05-23T18:18:28 IST" duration-ms="561" status="PASS">
          <reporter-output>
          </reporter-output>
        </test-method> <!-- closeBrowser -->
      </class> <!-- SeleniumMavenSeleniumGridDay27.BrowserTest -->
    </test> <!-- Chrome Test -->
  </suite> <!-- CrossBrowser Suite -->
</testng-results>
